connection reset by peer:
    https://github.com/bloomberg/chromium.bb

unexpected EOF:
    https://github.com/ajaxorg/ace
    https://github.com/dotabuff/d2vpk
    https://github.com/golang/go

authentication required:
    https://github.com/alexandres/poormanscdn
    https://github.com/blendlabs/go-selector
    https://github.com/budkin/jam
    https://github.com/cosiner/zerver
    https://github.com/craigbarnes/nanorc
    https://github.com/deferpanic/deferclient
    https://github.com/deferpanic/deprehend
    https://github.com/disney/go-training
    https://github.com/dolftax/summer
    https://github.com/eris-ltd/eris-cli
    https://github.com/fisherman/fisher-index
    https://github.com/go-hep/fit
    https://github.com/gophergala/CoditorX
    https://github.com/ihodev/a-file-icon
    https://github.com/ihodev/sublime-file-icons
    https://github.com/jcw/housemon
    https://github.com/jivoi/junk
    https://github.com/josephyzhou/github-trending
    https://github.com/josephyzhou/Wonging
    https://github.com/jteeuwen/go-pkg-rss
    https://github.com/jteeuwen/go-pkg-xmlx
    https://github.com/jteeuwen/go-vlc
    https://github.com/jteeuwen/imghash
    https://github.com/jyotiska/go-colorweave
    https://github.com/kamyu104/LeetCode
    https://github.com/LibreRead/install
    https://github.com/LibreRead/server
    https://github.com/Maksadbek/tcpovericmp
    https://github.com/mamaar/risotto
    https://github.com/micro/os
    https://github.com/monax/monax
    https://github.com/nanopack/butter
    https://github.com/nanorc/nanorc
    https://github.com/oivva/st-file-icons
    https://github.com/qiniu/go
    https://github.com/quilt/quilt
    https://github.com/redmatrix/hubzilla
    https://github.com/redmatrix/redmatrix
    https://github.com/ROCmSoftwarePlatform/hiptensorflow
    https://github.com/runner365/livego
    https://github.com/sisatech/vcli
    https://github.com/stacktic/dropbox
    https://github.com/tj/stack
    https://github.com/utamaro/neje-ui
    https://github.com/v5analytics/visallo
    https://github.com/vesche/lonely-shell
    https://github.com/vinceprignano/gochatapp
    https://github.com/visallo/visallo
    https://github.com/wh1t3w01f/neugo
    https://github.com/zx48/linq
